<?xml version="1.0" encoding="UTF-8"?>
<testng-results ignored="0" total="6" passed="3" failed="0" skipped="3">
  <reporter-output>
    <line>
      <![CDATA[Click on Bank_Manager_Login_Button]]>
    </line>
    <line>
      <![CDATA[Click on Add_Customer_Button]]>
    </line>
    <line>
      <![CDATA[Enter < test1 > in firstname]]>
    </line>
    <line>
      <![CDATA[Enter < check1 > in lastname]]>
    </line>
    <line>
      <![CDATA[Enter < 123456 > in postcode]]>
    </line>
    <line>
      <![CDATA[Click on Add_Customer_Button]]>
    </line>
    <line>
      <![CDATA[test passed]]>
    </line>
    <line>
      <![CDATA[Click on Bank_Manager_Login_Button]]>
    </line>
    <line>
      <![CDATA[Click on Open_Account_Button]]>
    </line>
    <line>
      <![CDATA[Click on Process_Button]]>
    </line>
    <line>
      <![CDATA[Click on Open_Account_Button]]>
    </line>
    <line>
      <![CDATA[Click on Process_Button]]>
    </line>
  </reporter-output>
  <suite started-at="2023-02-08T22:52:53 IST" name="Suite" finished-at="2023-02-08T22:53:46 IST" duration-ms="53968">
    <groups>
    </groups>
    <test started-at="2023-02-08T22:52:53 IST" name="LoginTest" finished-at="2023-02-08T22:53:04 IST" duration-ms="11233">
      <class name="testcases.LoginTest">
        <test-method is-config="true" signature="setUp(java.lang.String)[pri:0, instance:testcases.LoginTest@14555e0a]" started-at="2023-02-08T22:52:53 IST" name="setUp" finished-at="2023-02-08T22:53:01 IST" duration-ms="7993" status="PASS">
          <params>
            <param index="0">
              <value>
                <![CDATA[edge]]>
              </value>
            </param>
          </params>
          <reporter-output>
          </reporter-output>
        </test-method> <!-- setUp -->
        <test-method is-config="true" signature="excelFileSetup()[pri:0, instance:testcases.LoginTest@14555e0a]" started-at="2023-02-08T22:53:01 IST" name="excelFileSetup" finished-at="2023-02-08T22:53:03 IST" depends-on-methods="base.TestBase.setUp" duration-ms="2097" status="PASS">
          <reporter-output>
          </reporter-output>
        </test-method> <!-- excelFileSetup -->
        <test-method is-config="true" signature="context(org.testng.ITestContext)[pri:0, instance:testcases.LoginTest@14555e0a]" started-at="2023-02-08T22:53:03 IST" name="context" finished-at="2023-02-08T22:53:03 IST" depends-on-methods="base.TestBase.excelFileSetup" duration-ms="2" status="PASS">
          <params>
            <param index="0">
              <value>
                <![CDATA[org.testng.TestRunner@2287395]]>
              </value>
            </param>
          </params>
          <reporter-output>
          </reporter-output>
        </test-method> <!-- context -->
        <test-method signature="managerLogin()[pri:0, instance:testcases.LoginTest@14555e0a]" started-at="2023-02-08T22:53:03 IST" name="managerLogin" finished-at="2023-02-08T22:53:03 IST" duration-ms="103" status="SKIP">
          <exception class="org.testng.SkipException">
            <message>
              <![CDATA[Method skipped]]>
            </message>
            <full-stacktrace>
              <![CDATA[org.testng.SkipException: Method skipped
at testcases.LoginTest.managerLogin(LoginTest.java:28)
at java.base/jdk.internal.reflect.DirectMethodHandleAccessor.invoke(DirectMethodHandleAccessor.java:104)
at java.base/java.lang.reflect.Method.invoke(Method.java:578)
at org.testng.internal.invokers.MethodInvocationHelper.invokeMethod(MethodInvocationHelper.java:139)
at org.testng.internal.invokers.TestInvoker.invokeMethod(TestInvoker.java:677)
at org.testng.internal.invokers.TestInvoker.invokeTestMethod(TestInvoker.java:221)
at org.testng.internal.invokers.MethodRunner.runInSequence(MethodRunner.java:50)
at org.testng.internal.invokers.TestInvoker$MethodInvocationAgent.invoke(TestInvoker.java:969)
at org.testng.internal.invokers.TestInvoker.invokeTestMethods(TestInvoker.java:194)
at org.testng.internal.invokers.TestMethodWorker.invokeTestMethods(TestMethodWorker.java:148)
at org.testng.internal.invokers.TestMethodWorker.run(TestMethodWorker.java:128)
at java.base/java.util.ArrayList.forEach(ArrayList.java:1511)
at org.testng.TestRunner.privateRun(TestRunner.java:829)
at org.testng.TestRunner.run(TestRunner.java:602)
at org.testng.SuiteRunner.runTest(SuiteRunner.java:437)
at org.testng.SuiteRunner.runSequentially(SuiteRunner.java:431)
at org.testng.SuiteRunner.privateRun(SuiteRunner.java:391)
at org.testng.SuiteRunner.run(SuiteRunner.java:330)
at org.testng.SuiteRunnerWorker.runSuite(SuiteRunnerWorker.java:52)
at org.testng.SuiteRunnerWorker.run(SuiteRunnerWorker.java:95)
at org.testng.TestNG.runSuitesSequentially(TestNG.java:1256)
at org.testng.TestNG.runSuitesLocally(TestNG.java:1176)
at org.testng.TestNG.runSuites(TestNG.java:1099)
at org.testng.TestNG.run(TestNG.java:1067)
at org.apache.maven.surefire.testng.TestNGExecutor.run(TestNGExecutor.java:324)
at org.apache.maven.surefire.testng.TestNGXmlTestSuite.execute(TestNGXmlTestSuite.java:74)
at org.apache.maven.surefire.testng.TestNGProvider.invoke(TestNGProvider.java:123)
at org.apache.maven.surefire.booter.ForkedBooter.runSuitesInProcess(ForkedBooter.java:456)
at org.apache.maven.surefire.booter.ForkedBooter.execute(ForkedBooter.java:169)
at org.apache.maven.surefire.booter.ForkedBooter.run(ForkedBooter.java:595)
at org.apache.maven.surefire.booter.ForkedBooter.main(ForkedBooter.java:581)
]]>
            </full-stacktrace>
          </exception> <!-- org.testng.SkipException -->
          <reporter-output>
          </reporter-output>
        </test-method> <!-- managerLogin -->
        <test-method is-config="true" signature="tearDown()[pri:0, instance:testcases.LoginTest@14555e0a]" started-at="2023-02-08T22:53:03 IST" name="tearDown" finished-at="2023-02-08T22:53:04 IST" duration-ms="973" status="PASS">
          <reporter-output>
          </reporter-output>
        </test-method> <!-- tearDown -->
      </class> <!-- testcases.LoginTest -->
    </test> <!-- LoginTest -->
    <test started-at="2023-02-08T22:53:04 IST" name="AddCustomer" finished-at="2023-02-08T22:53:25 IST" duration-ms="21147">
      <class name="testcases.AddCustomerTest">
        <test-method is-config="true" signature="setUp(java.lang.String)[pri:0, instance:testcases.AddCustomerTest@1da2cb77]" started-at="2023-02-08T22:53:04 IST" name="setUp" finished-at="2023-02-08T22:53:14 IST" duration-ms="9349" status="PASS">
          <params>
            <param index="0">
              <value>
                <![CDATA[edge]]>
              </value>
            </param>
          </params>
          <reporter-output>
          </reporter-output>
        </test-method> <!-- setUp -->
        <test-method is-config="true" signature="excelFileSetup()[pri:0, instance:testcases.AddCustomerTest@1da2cb77]" started-at="2023-02-08T22:53:14 IST" name="excelFileSetup" finished-at="2023-02-08T22:53:14 IST" depends-on-methods="base.TestBase.setUp" duration-ms="172" status="PASS">
          <reporter-output>
          </reporter-output>
        </test-method> <!-- excelFileSetup -->
        <test-method is-config="true" signature="context(org.testng.ITestContext)[pri:0, instance:testcases.AddCustomerTest@1da2cb77]" started-at="2023-02-08T22:53:14 IST" name="context" finished-at="2023-02-08T22:53:14 IST" depends-on-methods="base.TestBase.excelFileSetup" duration-ms="1" status="PASS">
          <params>
            <param index="0">
              <value>
                <![CDATA[org.testng.TestRunner@535a518c]]>
              </value>
            </param>
          </params>
          <reporter-output>
          </reporter-output>
        </test-method> <!-- context -->
        <test-method signature="addCustomer(java.lang.String,java.lang.String,java.lang.Double,java.lang.String,java.lang.String)[pri:0, instance:testcases.AddCustomerTest@1da2cb77]" started-at="2023-02-08T22:53:14 IST" name="addCustomer" data-provider="dataprovider" finished-at="2023-02-08T22:53:25 IST" duration-ms="10597" status="PASS">
          <params>
            <param index="0">
              <value>
                <![CDATA[test1]]>
              </value>
            </param>
            <param index="1">
              <value>
                <![CDATA[check1]]>
              </value>
            </param>
            <param index="2">
              <value>
                <![CDATA[123456.0]]>
              </value>
            </param>
            <param index="3">
              <value>
                <![CDATA[Customer added successfully with customer id :]]>
              </value>
            </param>
            <param index="4">
              <value>
                <![CDATA[yes]]>
              </value>
            </param>
          </params>
          <reporter-output>
            <line>
              <![CDATA[Click on Bank_Manager_Login_Button]]>
            </line>
            <line>
              <![CDATA[Click on Add_Customer_Button]]>
            </line>
            <line>
              <![CDATA[Enter < test1 > in firstname]]>
            </line>
            <line>
              <![CDATA[Enter < check1 > in lastname]]>
            </line>
            <line>
              <![CDATA[Enter < 123456 > in postcode]]>
            </line>
            <line>
              <![CDATA[Click on Add_Customer_Button]]>
            </line>
            <line>
              <![CDATA[test passed]]>
            </line>
          </reporter-output>
        </test-method> <!-- addCustomer -->
        <test-method signature="addCustomer(java.lang.String,java.lang.String,java.lang.Double,java.lang.String,java.lang.String)[pri:0, instance:testcases.AddCustomerTest@1da2cb77]" started-at="2023-02-08T22:53:25 IST" name="addCustomer" data-provider="dataprovider" finished-at="2023-02-08T22:53:25 IST" duration-ms="199" status="SKIP">
          <params>
            <param index="0">
              <value>
                <![CDATA[test2]]>
              </value>
            </param>
            <param index="1">
              <value>
                <![CDATA[check2]]>
              </value>
            </param>
            <param index="2">
              <value>
                <![CDATA[654321.0]]>
              </value>
            </param>
            <param index="3">
              <value>
                <![CDATA[Customer added successfully with customer id :]]>
              </value>
            </param>
            <param index="4">
              <value>
                <![CDATA[no]]>
              </value>
            </param>
          </params>
          <exception class="org.testng.SkipException">
            <message>
              <![CDATA[Skipped]]>
            </message>
            <full-stacktrace>
              <![CDATA[org.testng.SkipException: Skipped
at testcases.AddCustomerTest.addCustomer(AddCustomerTest.java:43)
at java.base/jdk.internal.reflect.DirectMethodHandleAccessor.invoke(DirectMethodHandleAccessor.java:104)
at java.base/java.lang.reflect.Method.invoke(Method.java:578)
at org.testng.internal.invokers.MethodInvocationHelper.invokeMethod(MethodInvocationHelper.java:139)
at org.testng.internal.invokers.TestInvoker.invokeMethod(TestInvoker.java:677)
at org.testng.internal.invokers.TestInvoker.invokeTestMethod(TestInvoker.java:221)
at org.testng.internal.invokers.MethodRunner.runInSequence(MethodRunner.java:50)
at org.testng.internal.invokers.TestInvoker$MethodInvocationAgent.invoke(TestInvoker.java:969)
at org.testng.internal.invokers.TestInvoker.invokeTestMethods(TestInvoker.java:194)
at org.testng.internal.invokers.TestMethodWorker.invokeTestMethods(TestMethodWorker.java:148)
at org.testng.internal.invokers.TestMethodWorker.run(TestMethodWorker.java:128)
at java.base/java.util.ArrayList.forEach(ArrayList.java:1511)
at org.testng.TestRunner.privateRun(TestRunner.java:829)
at org.testng.TestRunner.run(TestRunner.java:602)
at org.testng.SuiteRunner.runTest(SuiteRunner.java:437)
at org.testng.SuiteRunner.runSequentially(SuiteRunner.java:431)
at org.testng.SuiteRunner.privateRun(SuiteRunner.java:391)
at org.testng.SuiteRunner.run(SuiteRunner.java:330)
at org.testng.SuiteRunnerWorker.runSuite(SuiteRunnerWorker.java:52)
at org.testng.SuiteRunnerWorker.run(SuiteRunnerWorker.java:95)
at org.testng.TestNG.runSuitesSequentially(TestNG.java:1256)
at org.testng.TestNG.runSuitesLocally(TestNG.java:1176)
at org.testng.TestNG.runSuites(TestNG.java:1099)
at org.testng.TestNG.run(TestNG.java:1067)
at org.apache.maven.surefire.testng.TestNGExecutor.run(TestNGExecutor.java:324)
at org.apache.maven.surefire.testng.TestNGXmlTestSuite.execute(TestNGXmlTestSuite.java:74)
at org.apache.maven.surefire.testng.TestNGProvider.invoke(TestNGProvider.java:123)
at org.apache.maven.surefire.booter.ForkedBooter.runSuitesInProcess(ForkedBooter.java:456)
at org.apache.maven.surefire.booter.ForkedBooter.execute(ForkedBooter.java:169)
at org.apache.maven.surefire.booter.ForkedBooter.run(ForkedBooter.java:595)
at org.apache.maven.surefire.booter.ForkedBooter.main(ForkedBooter.java:581)
]]>
            </full-stacktrace>
          </exception> <!-- org.testng.SkipException -->
          <reporter-output>
          </reporter-output>
        </test-method> <!-- addCustomer -->
        <test-method is-config="true" signature="tearDown()[pri:0, instance:testcases.AddCustomerTest@1da2cb77]" started-at="2023-02-08T22:53:25 IST" name="tearDown" finished-at="2023-02-08T22:53:25 IST" duration-ms="581" status="PASS">
          <reporter-output>
          </reporter-output>
        </test-method> <!-- tearDown -->
      </class> <!-- testcases.AddCustomerTest -->
    </test> <!-- AddCustomer -->
    <test started-at="2023-02-08T22:53:26 IST" name="OpenAccount" finished-at="2023-02-08T22:53:46 IST" duration-ms="20960">
      <class name="testcases.OpenAccountTest">
        <test-method is-config="true" signature="setUp(java.lang.String)[pri:0, instance:testcases.OpenAccountTest@6cd28fa7]" started-at="2023-02-08T22:53:26 IST" name="setUp" finished-at="2023-02-08T22:53:32 IST" duration-ms="6810" status="PASS">
          <params>
            <param index="0">
              <value>
                <![CDATA[edge]]>
              </value>
            </param>
          </params>
          <reporter-output>
          </reporter-output>
        </test-method> <!-- setUp -->
        <test-method is-config="true" signature="excelFileSetup()[pri:0, instance:testcases.OpenAccountTest@6cd28fa7]" started-at="2023-02-08T22:53:32 IST" name="excelFileSetup" finished-at="2023-02-08T22:53:32 IST" depends-on-methods="base.TestBase.setUp" duration-ms="84" status="PASS">
          <reporter-output>
          </reporter-output>
        </test-method> <!-- excelFileSetup -->
        <test-method is-config="true" signature="context(org.testng.ITestContext)[pri:0, instance:testcases.OpenAccountTest@6cd28fa7]" started-at="2023-02-08T22:53:32 IST" name="context" finished-at="2023-02-08T22:53:32 IST" depends-on-methods="base.TestBase.excelFileSetup" duration-ms="1" status="PASS">
          <params>
            <param index="0">
              <value>
                <![CDATA[org.testng.TestRunner@38f981b6]]>
              </value>
            </param>
          </params>
          <reporter-output>
          </reporter-output>
        </test-method> <!-- context -->
        <test-method signature="openAccount(java.lang.String,java.lang.String,java.lang.String)[pri:0, instance:testcases.OpenAccountTest@6cd28fa7]" started-at="2023-02-08T22:53:32 IST" name="openAccount" data-provider="dataprovider" finished-at="2023-02-08T22:53:35 IST" duration-ms="2165" status="PASS">
          <params>
            <param index="0">
              <value>
                <![CDATA[test1]]>
              </value>
            </param>
            <param index="1">
              <value>
                <![CDATA[Rupee]]>
              </value>
            </param>
            <param index="2">
              <value>
                <![CDATA[yes]]>
              </value>
            </param>
          </params>
          <reporter-output>
            <line>
              <![CDATA[Click on Bank_Manager_Login_Button]]>
            </line>
            <line>
              <![CDATA[Click on Open_Account_Button]]>
            </line>
            <line>
              <![CDATA[Click on Process_Button]]>
            </line>
          </reporter-output>
        </test-method> <!-- openAccount -->
        <test-method signature="openAccount(java.lang.String,java.lang.String,java.lang.String)[pri:0, instance:testcases.OpenAccountTest@6cd28fa7]" started-at="2023-02-08T22:53:35 IST" name="openAccount" data-provider="dataprovider" finished-at="2023-02-08T22:53:45 IST" duration-ms="10831" status="PASS">
          <params>
            <param index="0">
              <value>
                <![CDATA[test2]]>
              </value>
            </param>
            <param index="1">
              <value>
                <![CDATA[Pound]]>
              </value>
            </param>
            <param index="2">
              <value>
                <![CDATA[yes]]>
              </value>
            </param>
          </params>
          <reporter-output>
            <line>
              <![CDATA[Click on Open_Account_Button]]>
            </line>
            <line>
              <![CDATA[Click on Process_Button]]>
            </line>
          </reporter-output>
        </test-method> <!-- openAccount -->
        <test-method signature="openAccount(java.lang.String,java.lang.String,java.lang.String)[pri:0, instance:testcases.OpenAccountTest@6cd28fa7]" started-at="2023-02-08T22:53:45 IST" name="openAccount" data-provider="dataprovider" finished-at="2023-02-08T22:53:46 IST" duration-ms="87" status="SKIP">
          <params>
            <param index="0">
              <value>
                <![CDATA[test3]]>
              </value>
            </param>
            <param index="1">
              <value>
                <![CDATA[dollar]]>
              </value>
            </param>
            <param index="2">
              <value>
                <![CDATA[no]]>
              </value>
            </param>
          </params>
          <exception class="org.testng.SkipException">
            <message>
              <![CDATA[Test skipped for dataset]]>
            </message>
            <full-stacktrace>
              <![CDATA[org.testng.SkipException: Test skipped for dataset
at testcases.OpenAccountTest.openAccount(OpenAccountTest.java:30)
at java.base/jdk.internal.reflect.DirectMethodHandleAccessor.invoke(DirectMethodHandleAccessor.java:104)
at java.base/java.lang.reflect.Method.invoke(Method.java:578)
at org.testng.internal.invokers.MethodInvocationHelper.invokeMethod(MethodInvocationHelper.java:139)
at org.testng.internal.invokers.TestInvoker.invokeMethod(TestInvoker.java:677)
at org.testng.internal.invokers.TestInvoker.invokeTestMethod(TestInvoker.java:221)
at org.testng.internal.invokers.MethodRunner.runInSequence(MethodRunner.java:50)
at org.testng.internal.invokers.TestInvoker$MethodInvocationAgent.invoke(TestInvoker.java:969)
at org.testng.internal.invokers.TestInvoker.invokeTestMethods(TestInvoker.java:194)
at org.testng.internal.invokers.TestMethodWorker.invokeTestMethods(TestMethodWorker.java:148)
at org.testng.internal.invokers.TestMethodWorker.run(TestMethodWorker.java:128)
at java.base/java.util.ArrayList.forEach(ArrayList.java:1511)
at org.testng.TestRunner.privateRun(TestRunner.java:829)
at org.testng.TestRunner.run(TestRunner.java:602)
at org.testng.SuiteRunner.runTest(SuiteRunner.java:437)
at org.testng.SuiteRunner.runSequentially(SuiteRunner.java:431)
at org.testng.SuiteRunner.privateRun(SuiteRunner.java:391)
at org.testng.SuiteRunner.run(SuiteRunner.java:330)
at org.testng.SuiteRunnerWorker.runSuite(SuiteRunnerWorker.java:52)
at org.testng.SuiteRunnerWorker.run(SuiteRunnerWorker.java:95)
at org.testng.TestNG.runSuitesSequentially(TestNG.java:1256)
at org.testng.TestNG.runSuitesLocally(TestNG.java:1176)
at org.testng.TestNG.runSuites(TestNG.java:1099)
at org.testng.TestNG.run(TestNG.java:1067)
at org.apache.maven.surefire.testng.TestNGExecutor.run(TestNGExecutor.java:324)
at org.apache.maven.surefire.testng.TestNGXmlTestSuite.execute(TestNGXmlTestSuite.java:74)
at org.apache.maven.surefire.testng.TestNGProvider.invoke(TestNGProvider.java:123)
at org.apache.maven.surefire.booter.ForkedBooter.runSuitesInProcess(ForkedBooter.java:456)
at org.apache.maven.surefire.booter.ForkedBooter.execute(ForkedBooter.java:169)
at org.apache.maven.surefire.booter.ForkedBooter.run(ForkedBooter.java:595)
at org.apache.maven.surefire.booter.ForkedBooter.main(ForkedBooter.java:581)
]]>
            </full-stacktrace>
          </exception> <!-- org.testng.SkipException -->
          <reporter-output>
          </reporter-output>
        </test-method> <!-- openAccount -->
        <test-method is-config="true" signature="tearDown()[pri:0, instance:testcases.OpenAccountTest@6cd28fa7]" started-at="2023-02-08T22:53:46 IST" name="tearDown" finished-at="2023-02-08T22:53:46 IST" duration-ms="906" status="PASS">
          <reporter-output>
          </reporter-output>
        </test-method> <!-- tearDown -->
      </class> <!-- testcases.OpenAccountTest -->
    </test> <!-- OpenAccount -->
  </suite> <!-- Suite -->
</testng-results>
